[05-May-2016 20:35:16 UTC] PHP Parse error:  syntax error, unexpected '<' in /home/ubuntu/workspace/wp-content/themes/twentysixteen-child/functions.php on line 18
[05-May-2016 20:35:16 UTC] PHP Stack trace:
[05-May-2016 20:35:16 UTC] PHP   1. {main}() /home/ubuntu/workspace/wp-admin/admin-ajax.php:0
[05-May-2016 20:35:16 UTC] PHP   2. require_once() /home/ubuntu/workspace/wp-admin/admin-ajax.php:22
[05-May-2016 20:35:16 UTC] PHP   3. require_once() /home/ubuntu/workspace/wp-load.php:37
[05-May-2016 20:35:16 UTC] PHP   4. require_once() /home/ubuntu/workspace/wp-config.php:92
[05-May-2016 20:35:20 UTC] PHP Parse error:  syntax error, unexpected '<' in /home/ubuntu/workspace/wp-content/themes/twentysixteen-child/functions.php on line 18
[05-May-2016 20:35:20 UTC] PHP Stack trace:
[05-May-2016 20:35:20 UTC] PHP   1. {main}() /home/ubuntu/workspace/wp-admin/edit.php:0
[05-May-2016 20:35:20 UTC] PHP   2. require_once() /home/ubuntu/workspace/wp-admin/edit.php:10
[05-May-2016 20:35:20 UTC] PHP   3. require_once() /home/ubuntu/workspace/wp-admin/admin.php:31
[05-May-2016 20:35:20 UTC] PHP   4. require_once() /home/ubuntu/workspace/wp-load.php:37
[05-May-2016 20:35:20 UTC] PHP   5. require_once() /home/ubuntu/workspace/wp-config.php:92
[05-May-2016 20:35:24 UTC] PHP Parse error:  syntax error, unexpected '<' in /home/ubuntu/workspace/wp-content/themes/twentysixteen-child/functions.php on line 18
[05-May-2016 20:35:24 UTC] PHP Stack trace:
[05-May-2016 20:35:24 UTC] PHP   1. {main}() /home/ubuntu/workspace/wp-admin/admin-ajax.php:0
[05-May-2016 20:35:24 UTC] PHP   2. require_once() /home/ubuntu/workspace/wp-admin/admin-ajax.php:22
[05-May-2016 20:35:24 UTC] PHP   3. require_once() /home/ubuntu/workspace/wp-load.php:37
[05-May-2016 20:35:24 UTC] PHP   4. require_once() /home/ubuntu/workspace/wp-config.php:92
[05-May-2016 20:35:39 UTC] PHP Parse error:  syntax error, unexpected '<' in /home/ubuntu/workspace/wp-content/themes/twentysixteen-child/functions.php on line 18
[05-May-2016 20:35:39 UTC] PHP Stack trace:
[05-May-2016 20:35:39 UTC] PHP   1. {main}() /home/ubuntu/workspace/wp-admin/admin-ajax.php:0
[05-May-2016 20:35:39 UTC] PHP   2. require_once() /home/ubuntu/workspace/wp-admin/admin-ajax.php:22
[05-May-2016 20:35:39 UTC] PHP   3. require_once() /home/ubuntu/workspace/wp-load.php:37
[05-May-2016 20:35:39 UTC] PHP   4. require_once() /home/ubuntu/workspace/wp-config.php:92
[05-May-2016 20:35:46 UTC] PHP Parse error:  syntax error, unexpected '<' in /home/ubuntu/workspace/wp-content/themes/twentysixteen-child/functions.php on line 18
[05-May-2016 20:35:46 UTC] PHP Stack trace:
[05-May-2016 20:35:46 UTC] PHP   1. {main}() /home/ubuntu/workspace/wp-admin/post.php:0
[05-May-2016 20:35:46 UTC] PHP   2. require_once() /home/ubuntu/workspace/wp-admin/post.php:12
[05-May-2016 20:35:46 UTC] PHP   3. require_once() /home/ubuntu/workspace/wp-admin/admin.php:31
[05-May-2016 20:35:46 UTC] PHP   4. require_once() /home/ubuntu/workspace/wp-load.php:37
[05-May-2016 20:35:46 UTC] PHP   5. require_once() /home/ubuntu/workspace/wp-config.php:92
[05-May-2016 20:35:49 UTC] PHP Parse error:  syntax error, unexpected '<' in /home/ubuntu/workspace/wp-content/themes/twentysixteen-child/functions.php on line 18
[05-May-2016 20:35:49 UTC] PHP Stack trace:
[05-May-2016 20:35:49 UTC] PHP   1. {main}() /home/ubuntu/workspace/wp-admin/admin-ajax.php:0
[05-May-2016 20:35:49 UTC] PHP   2. require_once() /home/ubuntu/workspace/wp-admin/admin-ajax.php:22
[05-May-2016 20:35:49 UTC] PHP   3. require_once() /home/ubuntu/workspace/wp-load.php:37
[05-May-2016 20:35:49 UTC] PHP   4. require_once() /home/ubuntu/workspace/wp-config.php:92
[05-May-2016 20:36:04 UTC] PHP Parse error:  syntax error, unexpected '<' in /home/ubuntu/workspace/wp-content/themes/twentysixteen-child/functions.php on line 18
[05-May-2016 20:36:04 UTC] PHP Stack trace:
[05-May-2016 20:36:04 UTC] PHP   1. {main}() /home/ubuntu/workspace/wp-admin/admin-ajax.php:0
[05-May-2016 20:36:04 UTC] PHP   2. require_once() /home/ubuntu/workspace/wp-admin/admin-ajax.php:22
[05-May-2016 20:36:04 UTC] PHP   3. require_once() /home/ubuntu/workspace/wp-load.php:37
[05-May-2016 20:36:04 UTC] PHP   4. require_once() /home/ubuntu/workspace/wp-config.php:92
[05-May-2016 20:38:06 UTC] PHP Parse error:  syntax error, unexpected '<' in /home/ubuntu/workspace/wp-content/themes/twentysixteen-child/functions.php on line 18
[05-May-2016 20:38:06 UTC] PHP Stack trace:
[05-May-2016 20:38:06 UTC] PHP   1. {main}() /home/ubuntu/workspace/wp-admin/admin-ajax.php:0
[05-May-2016 20:38:06 UTC] PHP   2. require_once() /home/ubuntu/workspace/wp-admin/admin-ajax.php:22
[05-May-2016 20:38:06 UTC] PHP   3. require_once() /home/ubuntu/workspace/wp-load.php:37
[05-May-2016 20:38:06 UTC] PHP   4. require_once() /home/ubuntu/workspace/wp-config.php:92
[05-May-2016 20:40:07 UTC] PHP Parse error:  syntax error, unexpected '<' in /home/ubuntu/workspace/wp-content/themes/twentysixteen-child/functions.php on line 18
[05-May-2016 20:40:07 UTC] PHP Stack trace:
[05-May-2016 20:40:07 UTC] PHP   1. {main}() /home/ubuntu/workspace/wp-admin/admin-ajax.php:0
[05-May-2016 20:40:07 UTC] PHP   2. require_once() /home/ubuntu/workspace/wp-admin/admin-ajax.php:22
[05-May-2016 20:40:07 UTC] PHP   3. require_once() /home/ubuntu/workspace/wp-load.php:37
[05-May-2016 20:40:07 UTC] PHP   4. require_once() /home/ubuntu/workspace/wp-config.php:92
[05-May-2016 20:42:11 UTC] PHP Parse error:  syntax error, unexpected '<' in /home/ubuntu/workspace/wp-content/themes/twentysixteen-child/functions.php on line 18
[05-May-2016 20:42:11 UTC] PHP Stack trace:
[05-May-2016 20:42:11 UTC] PHP   1. {main}() /home/ubuntu/workspace/wp-admin/admin-ajax.php:0
[05-May-2016 20:42:11 UTC] PHP   2. require_once() /home/ubuntu/workspace/wp-admin/admin-ajax.php:22
[05-May-2016 20:42:11 UTC] PHP   3. require_once() /home/ubuntu/workspace/wp-load.php:37
[05-May-2016 20:42:11 UTC] PHP   4. require_once() /home/ubuntu/workspace/wp-config.php:92
[05-May-2016 20:43:43 UTC] PHP Parse error:  syntax error, unexpected '<' in /home/ubuntu/workspace/wp-content/themes/twentysixteen-child/functions.php on line 18
[05-May-2016 20:43:43 UTC] PHP Stack trace:
[05-May-2016 20:43:43 UTC] PHP   1. {main}() /home/ubuntu/workspace/wp-admin/admin-ajax.php:0
[05-May-2016 20:43:43 UTC] PHP   2. require_once() /home/ubuntu/workspace/wp-admin/admin-ajax.php:22
[05-May-2016 20:43:43 UTC] PHP   3. require_once() /home/ubuntu/workspace/wp-load.php:37
[05-May-2016 20:43:43 UTC] PHP   4. require_once() /home/ubuntu/workspace/wp-config.php:92
[05-May-2016 20:43:52 UTC] PHP Parse error:  syntax error, unexpected '<' in /home/ubuntu/workspace/wp-content/themes/twentysixteen-child/functions.php on line 18
[05-May-2016 20:43:52 UTC] PHP Stack trace:
[05-May-2016 20:43:52 UTC] PHP   1. {main}() /home/ubuntu/workspace/wp-admin/edit.php:0
[05-May-2016 20:43:52 UTC] PHP   2. require_once() /home/ubuntu/workspace/wp-admin/edit.php:10
[05-May-2016 20:43:52 UTC] PHP   3. require_once() /home/ubuntu/workspace/wp-admin/admin.php:31
[05-May-2016 20:43:52 UTC] PHP   4. require_once() /home/ubuntu/workspace/wp-load.php:37
[05-May-2016 20:43:52 UTC] PHP   5. require_once() /home/ubuntu/workspace/wp-config.php:92
[05-May-2016 20:43:55 UTC] PHP Parse error:  syntax error, unexpected '<' in /home/ubuntu/workspace/wp-content/themes/twentysixteen-child/functions.php on line 18
[05-May-2016 20:43:55 UTC] PHP Stack trace:
[05-May-2016 20:43:55 UTC] PHP   1. {main}() /home/ubuntu/workspace/wp-admin/admin-ajax.php:0
[05-May-2016 20:43:55 UTC] PHP   2. require_once() /home/ubuntu/workspace/wp-admin/admin-ajax.php:22
[05-May-2016 20:43:55 UTC] PHP   3. require_once() /home/ubuntu/workspace/wp-load.php:37
[05-May-2016 20:43:55 UTC] PHP   4. require_once() /home/ubuntu/workspace/wp-config.php:92
[05-May-2016 20:44:01 UTC] PHP Parse error:  syntax error, unexpected '<' in /home/ubuntu/workspace/wp-content/themes/twentysixteen-child/functions.php on line 18
[05-May-2016 20:44:01 UTC] PHP Stack trace:
[05-May-2016 20:44:01 UTC] PHP   1. {main}() /home/ubuntu/workspace/wp-admin/edit.php:0
[05-May-2016 20:44:01 UTC] PHP   2. require_once() /home/ubuntu/workspace/wp-admin/edit.php:10
[05-May-2016 20:44:01 UTC] PHP   3. require_once() /home/ubuntu/workspace/wp-admin/admin.php:31
[05-May-2016 20:44:01 UTC] PHP   4. require_once() /home/ubuntu/workspace/wp-load.php:37
[05-May-2016 20:44:01 UTC] PHP   5. require_once() /home/ubuntu/workspace/wp-config.php:92
[05-May-2016 20:44:04 UTC] PHP Parse error:  syntax error, unexpected '<' in /home/ubuntu/workspace/wp-content/themes/twentysixteen-child/functions.php on line 18
[05-May-2016 20:44:04 UTC] PHP Stack trace:
[05-May-2016 20:44:04 UTC] PHP   1. {main}() /home/ubuntu/workspace/wp-admin/admin-ajax.php:0
[05-May-2016 20:44:04 UTC] PHP   2. require_once() /home/ubuntu/workspace/wp-admin/admin-ajax.php:22
[05-May-2016 20:44:04 UTC] PHP   3. require_once() /home/ubuntu/workspace/wp-load.php:37
[05-May-2016 20:44:04 UTC] PHP   4. require_once() /home/ubuntu/workspace/wp-config.php:92
[05-May-2016 20:44:15 UTC] PHP Parse error:  syntax error, unexpected '<' in /home/ubuntu/workspace/wp-content/themes/twentysixteen-child/functions.php on line 18
[05-May-2016 20:44:15 UTC] PHP Stack trace:
[05-May-2016 20:44:15 UTC] PHP   1. {main}() /home/ubuntu/workspace/wp-admin/edit.php:0
[05-May-2016 20:44:15 UTC] PHP   2. require_once() /home/ubuntu/workspace/wp-admin/edit.php:10
[05-May-2016 20:44:15 UTC] PHP   3. require_once() /home/ubuntu/workspace/wp-admin/admin.php:31
[05-May-2016 20:44:15 UTC] PHP   4. require_once() /home/ubuntu/workspace/wp-load.php:37
[05-May-2016 20:44:15 UTC] PHP   5. require_once() /home/ubuntu/workspace/wp-config.php:92
[05-May-2016 20:44:20 UTC] PHP Parse error:  syntax error, unexpected '<' in /home/ubuntu/workspace/wp-content/themes/twentysixteen-child/functions.php on line 18
[05-May-2016 20:44:20 UTC] PHP Stack trace:
[05-May-2016 20:44:20 UTC] PHP   1. {main}() /home/ubuntu/workspace/wp-admin/admin-ajax.php:0
[05-May-2016 20:44:20 UTC] PHP   2. require_once() /home/ubuntu/workspace/wp-admin/admin-ajax.php:22
[05-May-2016 20:44:20 UTC] PHP   3. require_once() /home/ubuntu/workspace/wp-load.php:37
[05-May-2016 20:44:20 UTC] PHP   4. require_once() /home/ubuntu/workspace/wp-config.php:92
[05-May-2016 20:44:23 UTC] PHP Parse error:  syntax error, unexpected '<' in /home/ubuntu/workspace/wp-content/themes/twentysixteen-child/functions.php on line 18
[05-May-2016 20:44:23 UTC] PHP Stack trace:
[05-May-2016 20:44:23 UTC] PHP   1. {main}() /home/ubuntu/workspace/wp-admin/index.php:0
[05-May-2016 20:44:23 UTC] PHP   2. require_once() /home/ubuntu/workspace/wp-admin/index.php:10
[05-May-2016 20:44:23 UTC] PHP   3. require_once() /home/ubuntu/workspace/wp-admin/admin.php:31
[05-May-2016 20:44:23 UTC] PHP   4. require_once() /home/ubuntu/workspace/wp-load.php:37
[05-May-2016 20:44:23 UTC] PHP   5. require_once() /home/ubuntu/workspace/wp-config.php:92
[05-May-2016 20:44:25 UTC] PHP Parse error:  syntax error, unexpected '<' in /home/ubuntu/workspace/wp-content/themes/twentysixteen-child/functions.php on line 18
[05-May-2016 20:44:25 UTC] PHP Stack trace:
[05-May-2016 20:44:25 UTC] PHP   1. {main}() /home/ubuntu/workspace/wp-admin/admin-ajax.php:0
[05-May-2016 20:44:25 UTC] PHP   2. require_once() /home/ubuntu/workspace/wp-admin/admin-ajax.php:22
[05-May-2016 20:44:25 UTC] PHP   3. require_once() /home/ubuntu/workspace/wp-load.php:37
[05-May-2016 20:44:25 UTC] PHP   4. require_once() /home/ubuntu/workspace/wp-config.php:92
[05-May-2016 20:44:26 UTC] PHP Parse error:  syntax error, unexpected '<' in /home/ubuntu/workspace/wp-content/themes/twentysixteen-child/functions.php on line 18
[05-May-2016 20:44:26 UTC] PHP Stack trace:
[05-May-2016 20:44:26 UTC] PHP   1. {main}() /home/ubuntu/workspace/wp-admin/index.php:0
[05-May-2016 20:44:26 UTC] PHP   2. require_once() /home/ubuntu/workspace/wp-admin/index.php:10
[05-May-2016 20:44:26 UTC] PHP   3. require_once() /home/ubuntu/workspace/wp-admin/admin.php:31
[05-May-2016 20:44:26 UTC] PHP   4. require_once() /home/ubuntu/workspace/wp-load.php:37
[05-May-2016 20:44:26 UTC] PHP   5. require_once() /home/ubuntu/workspace/wp-config.php:92
[05-May-2016 20:44:31 UTC] PHP Parse error:  syntax error, unexpected '<' in /home/ubuntu/workspace/wp-content/themes/twentysixteen-child/functions.php on line 18
[05-May-2016 20:44:31 UTC] PHP Stack trace:
[05-May-2016 20:44:31 UTC] PHP   1. {main}() /home/ubuntu/workspace/wp-admin/admin-ajax.php:0
[05-May-2016 20:44:31 UTC] PHP   2. require_once() /home/ubuntu/workspace/wp-admin/admin-ajax.php:22
[05-May-2016 20:44:31 UTC] PHP   3. require_once() /home/ubuntu/workspace/wp-load.php:37
[05-May-2016 20:44:31 UTC] PHP   4. require_once() /home/ubuntu/workspace/wp-config.php:92
[05-May-2016 20:44:46 UTC] PHP Parse error:  syntax error, unexpected '<' in /home/ubuntu/workspace/wp-content/themes/twentysixteen-child/functions.php on line 18
[05-May-2016 20:44:46 UTC] PHP Stack trace:
[05-May-2016 20:44:46 UTC] PHP   1. {main}() /home/ubuntu/workspace/wp-admin/edit.php:0
[05-May-2016 20:44:46 UTC] PHP   2. require_once() /home/ubuntu/workspace/wp-admin/edit.php:10
[05-May-2016 20:44:46 UTC] PHP   3. require_once() /home/ubuntu/workspace/wp-admin/admin.php:31
[05-May-2016 20:44:46 UTC] PHP   4. require_once() /home/ubuntu/workspace/wp-load.php:37
[05-May-2016 20:44:46 UTC] PHP   5. require_once() /home/ubuntu/workspace/wp-config.php:92
[05-May-2016 20:44:57 UTC] PHP Parse error:  syntax error, unexpected '<' in /home/ubuntu/workspace/wp-content/themes/twentysixteen-child/functions.php on line 18
[05-May-2016 20:44:57 UTC] PHP Stack trace:
[05-May-2016 20:44:57 UTC] PHP   1. {main}() /home/ubuntu/workspace/wp-admin/edit.php:0
[05-May-2016 20:44:57 UTC] PHP   2. require_once() /home/ubuntu/workspace/wp-admin/edit.php:10
[05-May-2016 20:44:57 UTC] PHP   3. require_once() /home/ubuntu/workspace/wp-admin/admin.php:31
[05-May-2016 20:44:57 UTC] PHP   4. require_once() /home/ubuntu/workspace/wp-load.php:37
[05-May-2016 20:44:57 UTC] PHP   5. require_once() /home/ubuntu/workspace/wp-config.php:92
[05-May-2016 20:44:57 UTC] PHP Parse error:  syntax error, unexpected '<' in /home/ubuntu/workspace/wp-content/themes/twentysixteen-child/functions.php on line 18
[05-May-2016 20:44:57 UTC] PHP Stack trace:
[05-May-2016 20:44:57 UTC] PHP   1. {main}() /home/ubuntu/workspace/wp-admin/admin-ajax.php:0
[05-May-2016 20:44:57 UTC] PHP   2. require_once() /home/ubuntu/workspace/wp-admin/admin-ajax.php:22
[05-May-2016 20:44:57 UTC] PHP   3. require_once() /home/ubuntu/workspace/wp-load.php:37
[05-May-2016 20:44:57 UTC] PHP   4. require_once() /home/ubuntu/workspace/wp-config.php:92
[05-May-2016 20:44:59 UTC] PHP Parse error:  syntax error, unexpected '<' in /home/ubuntu/workspace/wp-content/themes/twentysixteen-child/functions.php on line 18
[05-May-2016 20:44:59 UTC] PHP Stack trace:
[05-May-2016 20:44:59 UTC] PHP   1. {main}() /home/ubuntu/workspace/wp-admin/edit.php:0
[05-May-2016 20:44:59 UTC] PHP   2. require_once() /home/ubuntu/workspace/wp-admin/edit.php:10
[05-May-2016 20:44:59 UTC] PHP   3. require_once() /home/ubuntu/workspace/wp-admin/admin.php:31
[05-May-2016 20:44:59 UTC] PHP   4. require_once() /home/ubuntu/workspace/wp-load.php:37
[05-May-2016 20:44:59 UTC] PHP   5. require_once() /home/ubuntu/workspace/wp-config.php:92
[05-May-2016 20:45:01 UTC] PHP Parse error:  syntax error, unexpected '<' in /home/ubuntu/workspace/wp-content/themes/twentysixteen-child/functions.php on line 18
[05-May-2016 20:45:01 UTC] PHP Stack trace:
[05-May-2016 20:45:01 UTC] PHP   1. {main}() /home/ubuntu/workspace/wp-admin/edit.php:0
[05-May-2016 20:45:01 UTC] PHP   2. require_once() /home/ubuntu/workspace/wp-admin/edit.php:10
[05-May-2016 20:45:01 UTC] PHP   3. require_once() /home/ubuntu/workspace/wp-admin/admin.php:31
[05-May-2016 20:45:01 UTC] PHP   4. require_once() /home/ubuntu/workspace/wp-load.php:37
[05-May-2016 20:45:01 UTC] PHP   5. require_once() /home/ubuntu/workspace/wp-config.php:92
[05-May-2016 20:45:10 UTC] PHP Parse error:  syntax error, unexpected '<' in /home/ubuntu/workspace/wp-content/themes/twentysixteen-child/functions.php on line 18
[05-May-2016 20:45:10 UTC] PHP Stack trace:
[05-May-2016 20:45:10 UTC] PHP   1. {main}() /home/ubuntu/workspace/wp-admin/admin-ajax.php:0
[05-May-2016 20:45:10 UTC] PHP   2. require_once() /home/ubuntu/workspace/wp-admin/admin-ajax.php:22
[05-May-2016 20:45:10 UTC] PHP   3. require_once() /home/ubuntu/workspace/wp-load.php:37
[05-May-2016 20:45:10 UTC] PHP   4. require_once() /home/ubuntu/workspace/wp-config.php:92
[05-May-2016 20:47:42 UTC] PHP Parse error:  syntax error, unexpected '<' in /home/ubuntu/workspace/wp-content/themes/twentysixteen-child/functions.php on line 18
[05-May-2016 20:47:42 UTC] PHP Stack trace:
[05-May-2016 20:47:42 UTC] PHP   1. {main}() /home/ubuntu/workspace/wp-admin/admin-ajax.php:0
[05-May-2016 20:47:42 UTC] PHP   2. require_once() /home/ubuntu/workspace/wp-admin/admin-ajax.php:22
[05-May-2016 20:47:42 UTC] PHP   3. require_once() /home/ubuntu/workspace/wp-load.php:37
[05-May-2016 20:47:42 UTC] PHP   4. require_once() /home/ubuntu/workspace/wp-config.php:92
